2020-07-19 21:54:57,376 INFO o.s.b.d.e.DevToolsPropertyDefaultsPostProcessor [restartedMain] Devtools property defaults active! Set 'spring.devtools.add-properties' to 'false' to disable
2020-07-19 21:54:57,781 INFO o.s.c.c.c.ConfigServicePropertySourceLocator [restartedMain] Fetching config from server at : http://localhost:8888
2020-07-19 21:54:58,358 INFO o.s.c.c.c.ConfigServicePropertySourceLocator [restartedMain] Located environment: name=doctor-client, profiles=[default], label=null, version=be2eaeb2bfbd755232b64fe3bc89bd7b03a550ca, state=null
2020-07-19 21:54:58,359 INFO o.s.c.b.c.PropertySourceBootstrapConfiguration [restartedMain] Located property source: [BootstrapPropertySource {name='bootstrapProperties-configClient'}, BootstrapPropertySource {name='bootstrapProperties-https://github.com/E2811/spring-cloud-configuration-onco-project/doctor-client.properties'}, BootstrapPropertySource {name='bootstrapProperties-https://github.com/E2811/spring-cloud-configuration-onco-project/application.properties'}]
2020-07-19 21:54:58,364 INFO c.i.d.DoctorClientApplication [restartedMain] No active profile set, falling back to default profiles: default
2020-07-19 21:54:59,308 INFO o.s.c.c.s.GenericScope [restartedMain] BeanFactory id=3b04cbc4-d7ac-3aa9-b27f-e2bd169a14ea
2020-07-19 21:54:59,991 INFO o.s.b.w.e.t.TomcatWebServer [restartedMain] Tomcat initialized with port(s): 8081 (http)
2020-07-19 21:55:00,245 INFO o.s.b.w.s.c.ServletWebServerApplicationContext [restartedMain] Root WebApplicationContext: initialization completed in 1868 ms
2020-07-19 21:55:00,785 INFO o.s.b.a.h.H2ConsoleAutoConfiguration [restartedMain] H2 console available at '/h2-console'. Database available at 'jdbc:h2:mem:onco_test'
2020-07-19 21:55:01,111 INFO o.s.s.c.ThreadPoolTaskExecutor [restartedMain] Initializing ExecutorService 'applicationTaskExecutor'
2020-07-19 21:55:01,289 INFO o.h.j.i.u.LogHelper [task-1] HHH000204: Processing PersistenceUnitInfo [name: default]
2020-07-19 21:55:01,365 INFO o.h.Version [task-1] HHH000412: Hibernate ORM core version 5.4.17.Final
2020-07-19 21:55:01,503 WARN o.s.b.a.o.j.JpaBaseConfiguration$JpaWebConfiguration [restartedMain] spring.jpa.open-in-view is enabled by default. Therefore, database queries may be performed during view rendering. Explicitly configure spring.jpa.open-in-view to disable this warning
2020-07-19 21:55:01,571 INFO o.h.a.c.Version [task-1] HCANN000001: Hibernate Commons Annotations {5.1.0.Final}
2020-07-19 21:55:01,713 INFO o.h.d.Dialect [task-1] HHH000400: Using dialect: org.hibernate.dialect.H2Dialect
2020-07-19 21:55:02,097 WARN o.s.b.d.a.OptionalLiveReloadServer [restartedMain] Unable to start LiveReload server
2020-07-19 21:55:02,289 WARN o.s.c.l.c.BlockingLoadBalancerClientAutoConfiguration$BlockingLoadBalancerClientRibbonWarnLogger [restartedMain] You already have RibbonLoadBalancerClient on your classpath. It will be used by default. As Spring Cloud Ribbon is in maintenance mode. We recommend switching to BlockingLoadBalancerClient instead. In order to use it, set the value of `spring.cloud.loadbalancer.ribbon.enabled` to `false` or remove spring-cloud-starter-netflix-ribbon from your project.
2020-07-19 21:55:02,376 INFO o.s.c.n.e.InstanceInfoFactory [restartedMain] Setting initial instance status as: STARTING
2020-07-19 21:55:02,415 INFO o.h.e.t.j.p.i.JtaPlatformInitiator [task-1] HHH000490: Using JtaPlatform implementation: [org.hibernate.engine.transaction.jta.platform.internal.NoJtaPlatform]
2020-07-19 21:55:02,422 INFO o.s.o.j.LocalContainerEntityManagerFactoryBean [task-1] Initialized JPA EntityManagerFactory for persistence unit 'default'
2020-07-19 21:55:02,901 INFO o.s.c.n.e.s.EurekaServiceRegistry [restartedMain] Registering application DOCTOR-CLIENT with eureka with status UP
2020-07-19 21:55:02,924 INFO o.s.b.w.e.t.TomcatWebServer [restartedMain] Tomcat started on port(s): 8081 (http) with context path ''
2020-07-19 21:55:02,925 INFO o.s.c.n.e.s.EurekaAutoServiceRegistration [restartedMain] Updating port to 8081
2020-07-19 21:55:03,097 INFO c.i.d.DoctorClientApplication [restartedMain] Started DoctorClientApplication in 7.01 seconds (JVM running for 9.166)
2020-07-19 21:58:01,841 INFO o.s.w.s.DispatcherServlet [http-nio-8081-exec-1] Initializing Servlet 'dispatcherServlet'
2020-07-19 21:58:01,847 INFO o.s.w.s.DispatcherServlet [http-nio-8081-exec-1] Completed initialization in 6 ms
2020-07-19 21:58:01,862 INFO c.i.d.s.DoctorService [http-nio-8081-exec-1] [INIT] find all doctors
2020-07-19 21:58:32,157 INFO c.i.d.s.DoctorService [http-nio-8081-exec-2] [INIT] find doctors by its id
2020-07-19 21:58:33,308 INFO c.i.d.s.DoctorService [http-nio-8081-exec-3] [INIT] find doctors by its id
2020-07-19 21:58:34,408 INFO c.i.d.s.DoctorService [http-nio-8081-exec-4] [INIT] find doctors by its id
2020-07-19 21:58:36,055 INFO c.i.d.s.DoctorService [http-nio-8081-exec-5] [INIT] find doctors by its id
2020-07-19 22:04:49,705 INFO c.i.d.s.DoctorService [http-nio-8081-exec-7] [INIT] find all doctors
2020-07-19 22:10:15,259 INFO c.i.d.s.DoctorService [http-nio-8081-exec-9] [INIT] create a new doctor
2020-07-19 22:10:15,259 INFO c.i.d.s.DoctorService [http-nio-8081-exec-9] [EXIT] create a new doctor
2020-07-20 00:17:11,284 INFO o.s.c.n.e.s.EurekaServiceRegistry [SpringContextShutdownHook] Unregistering application DOCTOR-CLIENT with eureka with status DOWN
2020-07-20 13:26:29,392 INFO o.s.b.d.e.DevToolsPropertyDefaultsPostProcessor [restartedMain] Devtools property defaults active! Set 'spring.devtools.add-properties' to 'false' to disable
2020-07-20 13:26:29,726 INFO o.s.c.c.c.ConfigServicePropertySourceLocator [restartedMain] Fetching config from server at : http://localhost:8888
2020-07-20 13:26:30,320 INFO o.s.c.c.c.ConfigServicePropertySourceLocator [restartedMain] Located environment: name=doctor-client, profiles=[default], label=null, version=be2eaeb2bfbd755232b64fe3bc89bd7b03a550ca, state=null
2020-07-20 13:26:30,322 INFO o.s.c.b.c.PropertySourceBootstrapConfiguration [restartedMain] Located property source: [BootstrapPropertySource {name='bootstrapProperties-configClient'}, BootstrapPropertySource {name='bootstrapProperties-https://github.com/E2811/spring-cloud-configuration-onco-project/doctor-client.properties'}, BootstrapPropertySource {name='bootstrapProperties-https://github.com/E2811/spring-cloud-configuration-onco-project/application.properties'}]
2020-07-20 13:26:30,327 INFO c.i.d.DoctorClientApplication [restartedMain] No active profile set, falling back to default profiles: default
2020-07-20 13:26:31,379 INFO o.s.c.c.s.GenericScope [restartedMain] BeanFactory id=3b04cbc4-d7ac-3aa9-b27f-e2bd169a14ea
2020-07-20 13:26:31,893 INFO o.s.b.w.e.t.TomcatWebServer [restartedMain] Tomcat initialized with port(s): 8081 (http)
2020-07-20 13:26:32,204 INFO o.s.b.w.s.c.ServletWebServerApplicationContext [restartedMain] Root WebApplicationContext: initialization completed in 1863 ms
2020-07-20 13:26:32,840 INFO o.s.b.a.h.H2ConsoleAutoConfiguration [restartedMain] H2 console available at '/h2-console'. Database available at 'jdbc:h2:mem:onco_test'
2020-07-20 13:26:33,137 INFO o.s.s.c.ThreadPoolTaskExecutor [restartedMain] Initializing ExecutorService 'applicationTaskExecutor'
2020-07-20 13:26:33,327 INFO o.h.j.i.u.LogHelper [task-1] HHH000204: Processing PersistenceUnitInfo [name: default]
2020-07-20 13:26:33,397 INFO o.h.Version [task-1] HHH000412: Hibernate ORM core version 5.4.17.Final
2020-07-20 13:26:33,444 WARN o.s.b.a.o.j.JpaBaseConfiguration$JpaWebConfiguration [restartedMain] spring.jpa.open-in-view is enabled by default. Therefore, database queries may be performed during view rendering. Explicitly configure spring.jpa.open-in-view to disable this warning
2020-07-20 13:26:33,561 INFO o.h.a.c.Version [task-1] HCANN000001: Hibernate Commons Annotations {5.1.0.Final}
2020-07-20 13:26:33,701 INFO o.h.d.Dialect [task-1] HHH000400: Using dialect: org.hibernate.dialect.H2Dialect
2020-07-20 13:26:33,912 WARN o.s.b.d.a.OptionalLiveReloadServer [restartedMain] Unable to start LiveReload server
2020-07-20 13:26:34,131 WARN o.s.c.l.c.BlockingLoadBalancerClientAutoConfiguration$BlockingLoadBalancerClientRibbonWarnLogger [restartedMain] You already have RibbonLoadBalancerClient on your classpath. It will be used by default. As Spring Cloud Ribbon is in maintenance mode. We recommend switching to BlockingLoadBalancerClient instead. In order to use it, set the value of `spring.cloud.loadbalancer.ribbon.enabled` to `false` or remove spring-cloud-starter-netflix-ribbon from your project.
2020-07-20 13:26:34,227 INFO o.s.c.n.e.InstanceInfoFactory [restartedMain] Setting initial instance status as: STARTING
2020-07-20 13:26:34,394 INFO o.h.e.t.j.p.i.JtaPlatformInitiator [task-1] HHH000490: Using JtaPlatform implementation: [org.hibernate.engine.transaction.jta.platform.internal.NoJtaPlatform]
2020-07-20 13:26:34,402 INFO o.s.o.j.LocalContainerEntityManagerFactoryBean [task-1] Initialized JPA EntityManagerFactory for persistence unit 'default'
2020-07-20 13:26:35,000 INFO o.s.c.n.e.s.EurekaServiceRegistry [restartedMain] Registering application DOCTOR-CLIENT with eureka with status UP
2020-07-20 13:26:35,046 INFO o.s.b.w.e.t.TomcatWebServer [restartedMain] Tomcat started on port(s): 8081 (http) with context path ''
2020-07-20 13:26:35,047 INFO o.s.c.n.e.s.EurekaAutoServiceRegistration [restartedMain] Updating port to 8081
2020-07-20 13:26:35,593 INFO c.i.d.DoctorClientApplication [restartedMain] Started DoctorClientApplication in 6.628 seconds (JVM running for 7.555)
2020-07-20 13:28:02,307 INFO o.s.w.s.DispatcherServlet [http-nio-8081-exec-1] Initializing Servlet 'dispatcherServlet'
2020-07-20 13:28:02,323 INFO o.s.w.s.DispatcherServlet [http-nio-8081-exec-1] Completed initialization in 13 ms
2020-07-20 13:28:02,367 INFO c.i.d.s.DoctorService [http-nio-8081-exec-1] [INIT] find all doctors
2020-07-20 13:30:26,116 INFO c.i.d.s.DoctorService [http-nio-8081-exec-3] [INIT] find all doctors
2020-07-20 13:55:32,025 INFO o.s.b.d.e.DevToolsPropertyDefaultsPostProcessor [restartedMain] Devtools property defaults active! Set 'spring.devtools.add-properties' to 'false' to disable
2020-07-20 13:55:32,317 INFO o.s.c.c.c.ConfigServicePropertySourceLocator [restartedMain] Fetching config from server at : http://localhost:8888
2020-07-20 13:55:32,955 INFO o.s.c.c.c.ConfigServicePropertySourceLocator [restartedMain] Located environment: name=doctor-client, profiles=[default], label=null, version=be2eaeb2bfbd755232b64fe3bc89bd7b03a550ca, state=null
2020-07-20 13:55:32,959 INFO o.s.c.b.c.PropertySourceBootstrapConfiguration [restartedMain] Located property source: [BootstrapPropertySource {name='bootstrapProperties-configClient'}, BootstrapPropertySource {name='bootstrapProperties-https://github.com/E2811/spring-cloud-configuration-onco-project/doctor-client.properties'}, BootstrapPropertySource {name='bootstrapProperties-https://github.com/E2811/spring-cloud-configuration-onco-project/application.properties'}]
2020-07-20 13:55:32,975 INFO c.i.d.DoctorClientApplication [restartedMain] No active profile set, falling back to default profiles: default
2020-07-20 13:55:34,091 INFO o.s.c.c.s.GenericScope [restartedMain] BeanFactory id=3b04cbc4-d7ac-3aa9-b27f-e2bd169a14ea
2020-07-20 13:55:34,606 INFO o.s.b.w.e.t.TomcatWebServer [restartedMain] Tomcat initialized with port(s): 8081 (http)
2020-07-20 13:55:34,718 INFO o.s.b.w.s.c.ServletWebServerApplicationContext [restartedMain] Root WebApplicationContext: initialization completed in 1714 ms
2020-07-20 13:55:34,842 INFO o.s.b.a.h.H2ConsoleAutoConfiguration [restartedMain] H2 console available at '/h2-console'. Database available at 'jdbc:h2:mem:onco_test'
2020-07-20 13:55:34,924 INFO o.s.s.c.ThreadPoolTaskExecutor [restartedMain] Initializing ExecutorService 'applicationTaskExecutor'
2020-07-20 13:55:34,963 INFO o.h.j.i.u.LogHelper [task-1] HHH000204: Processing PersistenceUnitInfo [name: default]
2020-07-20 13:55:35,008 INFO o.h.Version [task-1] HHH000412: Hibernate ORM core version 5.4.17.Final
2020-07-20 13:55:35,061 WARN o.s.b.a.o.j.JpaBaseConfiguration$JpaWebConfiguration [restartedMain] spring.jpa.open-in-view is enabled by default. Therefore, database queries may be performed during view rendering. Explicitly configure spring.jpa.open-in-view to disable this warning
2020-07-20 13:55:35,105 INFO o.h.a.c.Version [task-1] HCANN000001: Hibernate Commons Annotations {5.1.0.Final}
2020-07-20 13:55:35,196 INFO o.h.d.Dialect [task-1] HHH000400: Using dialect: org.hibernate.dialect.H2Dialect
2020-07-20 13:55:35,406 WARN o.s.b.d.a.OptionalLiveReloadServer [restartedMain] Unable to start LiveReload server
2020-07-20 13:55:35,541 WARN o.s.c.l.c.BlockingLoadBalancerClientAutoConfiguration$BlockingLoadBalancerClientRibbonWarnLogger [restartedMain] You already have RibbonLoadBalancerClient on your classpath. It will be used by default. As Spring Cloud Ribbon is in maintenance mode. We recommend switching to BlockingLoadBalancerClient instead. In order to use it, set the value of `spring.cloud.loadbalancer.ribbon.enabled` to `false` or remove spring-cloud-starter-netflix-ribbon from your project.
2020-07-20 13:55:35,620 INFO o.s.c.n.e.InstanceInfoFactory [restartedMain] Setting initial instance status as: STARTING
2020-07-20 13:55:35,732 INFO o.h.e.t.j.p.i.JtaPlatformInitiator [task-1] HHH000490: Using JtaPlatform implementation: [org.hibernate.engine.transaction.jta.platform.internal.NoJtaPlatform]
2020-07-20 13:55:35,740 INFO o.s.o.j.LocalContainerEntityManagerFactoryBean [task-1] Initialized JPA EntityManagerFactory for persistence unit 'default'
2020-07-20 13:55:36,105 INFO o.s.c.n.e.s.EurekaServiceRegistry [restartedMain] Registering application DOCTOR-CLIENT with eureka with status UP
2020-07-20 13:55:36,128 INFO o.s.b.w.e.t.TomcatWebServer [restartedMain] Tomcat started on port(s): 8081 (http) with context path ''
2020-07-20 13:55:36,129 INFO o.s.c.n.e.s.EurekaAutoServiceRegistration [restartedMain] Updating port to 8081
2020-07-20 13:55:36,293 INFO c.i.d.DoctorClientApplication [restartedMain] Started DoctorClientApplication in 4.661 seconds (JVM running for 5.554)
2020-07-20 13:56:36,850 INFO o.s.w.s.DispatcherServlet [http-nio-8081-exec-1] Initializing Servlet 'dispatcherServlet'
2020-07-20 13:56:36,857 INFO o.s.w.s.DispatcherServlet [http-nio-8081-exec-1] Completed initialization in 7 ms
2020-07-20 13:56:36,872 INFO c.i.d.s.DoctorService [http-nio-8081-exec-1] [INIT] find all doctors
2020-07-20 14:26:42,020 INFO o.s.c.n.e.s.EurekaServiceRegistry [SpringContextShutdownHook] Unregistering application DOCTOR-CLIENT with eureka with status DOWN
2020-07-20 15:34:37,785 INFO o.s.b.d.e.DevToolsPropertyDefaultsPostProcessor [restartedMain] Devtools property defaults active! Set 'spring.devtools.add-properties' to 'false' to disable
2020-07-20 15:34:38,291 INFO o.s.c.c.c.ConfigServicePropertySourceLocator [restartedMain] Fetching config from server at : http://localhost:8888
2020-07-20 15:34:38,999 INFO o.s.c.c.c.ConfigServicePropertySourceLocator [restartedMain] Located environment: name=doctor-client, profiles=[default], label=null, version=be2eaeb2bfbd755232b64fe3bc89bd7b03a550ca, state=null
2020-07-20 15:34:39,001 INFO o.s.c.b.c.PropertySourceBootstrapConfiguration [restartedMain] Located property source: [BootstrapPropertySource {name='bootstrapProperties-configClient'}, BootstrapPropertySource {name='bootstrapProperties-https://github.com/E2811/spring-cloud-configuration-onco-project/doctor-client.properties'}, BootstrapPropertySource {name='bootstrapProperties-https://github.com/E2811/spring-cloud-configuration-onco-project/application.properties'}]
2020-07-20 15:34:39,018 INFO c.i.d.DoctorClientApplication [restartedMain] No active profile set, falling back to default profiles: default
2020-07-20 15:34:42,441 INFO o.s.c.c.s.GenericScope [restartedMain] BeanFactory id=3b04cbc4-d7ac-3aa9-b27f-e2bd169a14ea
2020-07-20 15:34:43,505 INFO o.s.b.w.e.t.TomcatWebServer [restartedMain] Tomcat initialized with port(s): 8081 (http)
2020-07-20 15:34:43,775 INFO o.s.b.w.s.c.ServletWebServerApplicationContext [restartedMain] Root WebApplicationContext: initialization completed in 4732 ms
2020-07-20 15:34:44,053 INFO o.s.b.a.h.H2ConsoleAutoConfiguration [restartedMain] H2 console available at '/h2-console'. Database available at 'jdbc:h2:mem:onco_test'
2020-07-20 15:34:44,271 INFO o.s.s.c.ThreadPoolTaskExecutor [restartedMain] Initializing ExecutorService 'applicationTaskExecutor'
2020-07-20 15:34:44,344 INFO o.h.j.i.u.LogHelper [task-1] HHH000204: Processing PersistenceUnitInfo [name: default]
2020-07-20 15:34:44,411 INFO o.h.Version [task-1] HHH000412: Hibernate ORM core version 5.4.17.Final
2020-07-20 15:34:44,513 WARN o.s.b.a.o.j.JpaBaseConfiguration$JpaWebConfiguration [restartedMain] spring.jpa.open-in-view is enabled by default. Therefore, database queries may be performed during view rendering. Explicitly configure spring.jpa.open-in-view to disable this warning
2020-07-20 15:34:44,530 INFO o.h.a.c.Version [task-1] HCANN000001: Hibernate Commons Annotations {5.1.0.Final}
2020-07-20 15:34:44,667 INFO o.h.d.Dialect [task-1] HHH000400: Using dialect: org.hibernate.dialect.H2Dialect
2020-07-20 15:34:45,113 WARN o.s.b.d.a.OptionalLiveReloadServer [restartedMain] Unable to start LiveReload server
2020-07-20 15:34:45,371 WARN o.s.c.l.c.BlockingLoadBalancerClientAutoConfiguration$BlockingLoadBalancerClientRibbonWarnLogger [restartedMain] You already have RibbonLoadBalancerClient on your classpath. It will be used by default. As Spring Cloud Ribbon is in maintenance mode. We recommend switching to BlockingLoadBalancerClient instead. In order to use it, set the value of `spring.cloud.loadbalancer.ribbon.enabled` to `false` or remove spring-cloud-starter-netflix-ribbon from your project.
2020-07-20 15:34:45,475 INFO o.s.c.n.e.InstanceInfoFactory [restartedMain] Setting initial instance status as: STARTING
2020-07-20 15:34:45,571 INFO o.h.e.t.j.p.i.JtaPlatformInitiator [task-1] HHH000490: Using JtaPlatform implementation: [org.hibernate.engine.transaction.jta.platform.internal.NoJtaPlatform]
2020-07-20 15:34:45,585 INFO o.s.o.j.LocalContainerEntityManagerFactoryBean [task-1] Initialized JPA EntityManagerFactory for persistence unit 'default'
2020-07-20 15:34:46,210 INFO o.s.c.n.e.s.EurekaServiceRegistry [restartedMain] Registering application DOCTOR-CLIENT with eureka with status UP
2020-07-20 15:34:46,245 INFO o.s.b.w.e.t.TomcatWebServer [restartedMain] Tomcat started on port(s): 8081 (http) with context path ''
2020-07-20 15:34:46,247 INFO o.s.c.n.e.s.EurekaAutoServiceRegistration [restartedMain] Updating port to 8081
2020-07-20 15:34:46,449 INFO c.i.d.DoctorClientApplication [restartedMain] Started DoctorClientApplication in 9.106 seconds (JVM running for 10.157)
2020-07-20 20:43:22,686 INFO o.s.c.n.e.s.EurekaServiceRegistry [SpringContextShutdownHook] Unregistering application DOCTOR-CLIENT with eureka with status DOWN
2020-07-20 21:55:03,275 INFO o.s.b.d.e.DevToolsPropertyDefaultsPostProcessor [restartedMain] Devtools property defaults active! Set 'spring.devtools.add-properties' to 'false' to disable
2020-07-20 21:55:04,546 INFO o.s.c.c.c.ConfigServicePropertySourceLocator [restartedMain] Fetching config from server at : http://localhost:8888
2020-07-20 21:55:09,776 WARN o.s.c.c.c.ConfigServicePropertySourceLocator [restartedMain] Could not locate PropertySource: None of labels [] found
2020-07-20 21:55:09,779 INFO c.i.d.DoctorClientApplication [restartedMain] No active profile set, falling back to default profiles: default
2020-07-20 21:55:11,878 INFO o.s.c.c.s.GenericScope [restartedMain] BeanFactory id=3b04cbc4-d7ac-3aa9-b27f-e2bd169a14ea
2020-07-20 21:55:12,500 INFO o.s.b.w.e.t.TomcatWebServer [restartedMain] Tomcat initialized with port(s): 8080 (http)
2020-07-20 21:55:12,719 INFO o.s.b.w.s.c.ServletWebServerApplicationContext [restartedMain] Root WebApplicationContext: initialization completed in 2906 ms
2020-07-20 21:55:13,000 INFO o.s.b.a.h.H2ConsoleAutoConfiguration [restartedMain] H2 console available at '/h2-console'. Database available at 'jdbc:h2:mem:c4b851a8-2e3d-420f-91d2-cb3d37eb0eb3'
2020-07-20 21:55:13,164 INFO o.s.s.c.ThreadPoolTaskExecutor [restartedMain] Initializing ExecutorService 'applicationTaskExecutor'
2020-07-20 21:55:13,245 INFO o.h.j.i.u.LogHelper [task-1] HHH000204: Processing PersistenceUnitInfo [name: default]
2020-07-20 21:55:13,314 INFO o.h.Version [task-1] HHH000412: Hibernate ORM core version 5.4.17.Final
2020-07-20 21:55:13,436 INFO o.h.a.c.Version [task-1] HCANN000001: Hibernate Commons Annotations {5.1.0.Final}
2020-07-20 21:55:13,442 WARN o.s.b.a.o.j.JpaBaseConfiguration$JpaWebConfiguration [restartedMain] spring.jpa.open-in-view is enabled by default. Therefore, database queries may be performed during view rendering. Explicitly configure spring.jpa.open-in-view to disable this warning
2020-07-20 21:55:13,575 INFO o.h.d.Dialect [task-1] HHH000400: Using dialect: org.hibernate.dialect.H2Dialect
2020-07-20 21:55:14,231 INFO o.s.b.d.a.OptionalLiveReloadServer [restartedMain] LiveReload server is running on port 35729
2020-07-20 21:55:14,773 WARN o.s.c.l.c.BlockingLoadBalancerClientAutoConfiguration$BlockingLoadBalancerClientRibbonWarnLogger [restartedMain] You already have RibbonLoadBalancerClient on your classpath. It will be used by default. As Spring Cloud Ribbon is in maintenance mode. We recommend switching to BlockingLoadBalancerClient instead. In order to use it, set the value of `spring.cloud.loadbalancer.ribbon.enabled` to `false` or remove spring-cloud-starter-netflix-ribbon from your project.
2020-07-20 21:55:15,012 INFO o.s.c.n.e.InstanceInfoFactory [restartedMain] Setting initial instance status as: STARTING
2020-07-20 21:55:15,111 INFO o.h.e.t.j.p.i.JtaPlatformInitiator [task-1] HHH000490: Using JtaPlatform implementation: [org.hibernate.engine.transaction.jta.platform.internal.NoJtaPlatform]
2020-07-20 21:55:15,129 INFO o.s.o.j.LocalContainerEntityManagerFactoryBean [task-1] Initialized JPA EntityManagerFactory for persistence unit 'default'
2020-07-20 21:55:16,472 INFO o.s.c.n.e.s.EurekaServiceRegistry [restartedMain] Registering application DOCTOR-CLIENT with eureka with status UP
2020-07-20 21:55:16,528 INFO o.s.b.w.e.t.TomcatWebServer [restartedMain] Tomcat started on port(s): 8080 (http) with context path ''
2020-07-20 21:55:16,529 INFO o.s.c.n.e.s.EurekaAutoServiceRegistration [restartedMain] Updating port to 8080
2020-07-20 21:55:16,862 INFO c.i.d.DoctorClientApplication [restartedMain] Started DoctorClientApplication in 14.928 seconds (JVM running for 15.903)
2020-07-20 22:01:23,016 INFO o.s.c.n.e.s.EurekaServiceRegistry [SpringContextShutdownHook] Unregistering application DOCTOR-CLIENT with eureka with status DOWN
2020-07-20 22:08:18,762 INFO o.s.b.d.e.DevToolsPropertyDefaultsPostProcessor [restartedMain] Devtools property defaults active! Set 'spring.devtools.add-properties' to 'false' to disable
2020-07-20 22:08:19,097 INFO o.s.c.c.c.ConfigServicePropertySourceLocator [restartedMain] Fetching config from server at : http://localhost:8888
2020-07-20 22:08:19,704 INFO o.s.c.c.c.ConfigServicePropertySourceLocator [restartedMain] Located environment: name=doctor-client, profiles=[default], label=null, version=be2eaeb2bfbd755232b64fe3bc89bd7b03a550ca, state=null
2020-07-20 22:08:19,705 INFO o.s.c.b.c.PropertySourceBootstrapConfiguration [restartedMain] Located property source: [BootstrapPropertySource {name='bootstrapProperties-configClient'}, BootstrapPropertySource {name='bootstrapProperties-https://github.com/E2811/spring-cloud-configuration-onco-project/doctor-client.properties'}, BootstrapPropertySource {name='bootstrapProperties-https://github.com/E2811/spring-cloud-configuration-onco-project/application.properties'}]
2020-07-20 22:08:19,712 INFO c.i.d.DoctorClientApplication [restartedMain] No active profile set, falling back to default profiles: default
2020-07-20 22:08:20,671 INFO o.s.c.c.s.GenericScope [restartedMain] BeanFactory id=3b04cbc4-d7ac-3aa9-b27f-e2bd169a14ea
2020-07-20 22:08:21,178 INFO o.s.b.w.e.t.TomcatWebServer [restartedMain] Tomcat initialized with port(s): 8081 (http)
2020-07-20 22:08:21,313 INFO o.s.b.w.s.c.ServletWebServerApplicationContext [restartedMain] Root WebApplicationContext: initialization completed in 1588 ms
2020-07-20 22:08:21,460 INFO o.s.b.a.h.H2ConsoleAutoConfiguration [restartedMain] H2 console available at '/h2-console'. Database available at 'jdbc:h2:mem:onco_test'
2020-07-20 22:08:21,545 INFO o.s.s.c.ThreadPoolTaskExecutor [restartedMain] Initializing ExecutorService 'applicationTaskExecutor'
2020-07-20 22:08:21,583 INFO o.h.j.i.u.LogHelper [task-1] HHH000204: Processing PersistenceUnitInfo [name: default]
2020-07-20 22:08:21,624 INFO o.h.Version [task-1] HHH000412: Hibernate ORM core version 5.4.17.Final
2020-07-20 22:08:21,681 WARN o.s.b.a.o.j.JpaBaseConfiguration$JpaWebConfiguration [restartedMain] spring.jpa.open-in-view is enabled by default. Therefore, database queries may be performed during view rendering. Explicitly configure spring.jpa.open-in-view to disable this warning
2020-07-20 22:08:21,715 INFO o.h.a.c.Version [task-1] HCANN000001: Hibernate Commons Annotations {5.1.0.Final}
2020-07-20 22:08:21,810 INFO o.h.d.Dialect [task-1] HHH000400: Using dialect: org.hibernate.dialect.H2Dialect
2020-07-20 22:08:22,061 WARN o.s.b.d.a.OptionalLiveReloadServer [restartedMain] Unable to start LiveReload server
2020-07-20 22:08:22,240 WARN o.s.c.l.c.BlockingLoadBalancerClientAutoConfiguration$BlockingLoadBalancerClientRibbonWarnLogger [restartedMain] You already have RibbonLoadBalancerClient on your classpath. It will be used by default. As Spring Cloud Ribbon is in maintenance mode. We recommend switching to BlockingLoadBalancerClient instead. In order to use it, set the value of `spring.cloud.loadbalancer.ribbon.enabled` to `false` or remove spring-cloud-starter-netflix-ribbon from your project.
2020-07-20 22:08:22,340 INFO o.s.c.n.e.InstanceInfoFactory [restartedMain] Setting initial instance status as: STARTING
2020-07-20 22:08:22,438 INFO o.h.e.t.j.p.i.JtaPlatformInitiator [task-1] HHH000490: Using JtaPlatform implementation: [org.hibernate.engine.transaction.jta.platform.internal.NoJtaPlatform]
2020-07-20 22:08:22,446 INFO o.s.o.j.LocalContainerEntityManagerFactoryBean [task-1] Initialized JPA EntityManagerFactory for persistence unit 'default'
2020-07-20 22:08:22,850 INFO o.s.c.n.e.s.EurekaServiceRegistry [restartedMain] Registering application DOCTOR-CLIENT with eureka with status UP
2020-07-20 22:08:22,877 INFO o.s.b.w.e.t.TomcatWebServer [restartedMain] Tomcat started on port(s): 8081 (http) with context path ''
2020-07-20 22:08:22,879 INFO o.s.c.n.e.s.EurekaAutoServiceRegistration [restartedMain] Updating port to 8081
2020-07-20 22:08:23,064 INFO c.i.d.DoctorClientApplication [restartedMain] Started DoctorClientApplication in 4.738 seconds (JVM running for 6.085)
2020-07-20 23:49:22,682 INFO o.s.c.n.e.s.EurekaServiceRegistry [SpringContextShutdownHook] Unregistering application DOCTOR-CLIENT with eureka with status DOWN
2020-07-20 23:49:22,857 INFO o.s.o.j.LocalContainerEntityManagerFactoryBean [SpringContextShutdownHook] Closing JPA EntityManagerFactory for persistence unit 'default'
2020-07-20 23:49:22,858 INFO o.h.t.s.i.SchemaDropperImpl$DelayedDropActionImpl [SpringContextShutdownHook] HHH000477: Starting delayed evictData of schema as part of SessionFactory shut-down'
2020-07-20 23:49:23,009 INFO o.s.s.c.ThreadPoolTaskExecutor [SpringContextShutdownHook] Shutting down ExecutorService 'applicationTaskExecutor'
2020-07-20 23:49:23,284 WARN o.s.b.f.s.DisposableBeanAdapter [SpringContextShutdownHook] Invocation of destroy method failed on bean with name 'inMemoryDatabaseShutdownExecutor': org.h2.jdbc.JdbcSQLNonTransientConnectionException: Database is already closed (to disable automatic closing at VM shutdown, add ";DB_CLOSE_ON_EXIT=FALSE" to the db URL) [90121-200]
2020-07-21 12:18:28,443 INFO o.s.b.d.e.DevToolsPropertyDefaultsPostProcessor [restartedMain] Devtools property defaults active! Set 'spring.devtools.add-properties' to 'false' to disable
2020-07-21 12:18:28,776 INFO o.s.c.c.c.ConfigServicePropertySourceLocator [restartedMain] Fetching config from server at : http://localhost:8888
2020-07-21 12:18:28,884 INFO o.s.c.c.c.ConfigServicePropertySourceLocator [restartedMain] Connect Timeout Exception on Url - http://localhost:8888. Will be trying the next url if available
2020-07-21 12:18:28,885 WARN o.s.c.c.c.ConfigServicePropertySourceLocator [restartedMain] Could not locate PropertySource: I/O error on GET request for "http://localhost:8888/doctor-client/default": Connection refused (Connection refused); nested exception is java.net.ConnectException: Connection refused (Connection refused)
2020-07-21 12:18:28,888 INFO c.i.d.DoctorClientApplication [restartedMain] No active profile set, falling back to default profiles: default
2020-07-21 12:18:30,310 INFO o.s.c.c.s.GenericScope [restartedMain] BeanFactory id=3b04cbc4-d7ac-3aa9-b27f-e2bd169a14ea
2020-07-21 12:18:30,897 INFO o.s.b.w.e.t.TomcatWebServer [restartedMain] Tomcat initialized with port(s): 8080 (http)
2020-07-21 12:18:31,041 INFO o.s.b.w.s.c.ServletWebServerApplicationContext [restartedMain] Root WebApplicationContext: initialization completed in 2136 ms
2020-07-21 12:18:31,184 INFO o.s.b.a.h.H2ConsoleAutoConfiguration [restartedMain] H2 console available at '/h2-console'. Database available at 'jdbc:h2:mem:7edd82d6-7ea8-4c21-a62d-928c4b9efcbe'
2020-07-21 12:18:31,262 INFO o.s.s.c.ThreadPoolTaskExecutor [restartedMain] Initializing ExecutorService 'applicationTaskExecutor'
2020-07-21 12:18:31,300 INFO o.h.j.i.u.LogHelper [task-1] HHH000204: Processing PersistenceUnitInfo [name: default]
2020-07-21 12:18:31,342 INFO o.h.Version [task-1] HHH000412: Hibernate ORM core version 5.4.17.Final
2020-07-21 12:18:31,404 WARN o.s.b.a.o.j.JpaBaseConfiguration$JpaWebConfiguration [restartedMain] spring.jpa.open-in-view is enabled by default. Therefore, database queries may be performed during view rendering. Explicitly configure spring.jpa.open-in-view to disable this warning
2020-07-21 12:18:31,442 INFO o.h.a.c.Version [task-1] HCANN000001: Hibernate Commons Annotations {5.1.0.Final}
2020-07-21 12:18:31,539 INFO o.h.d.Dialect [task-1] HHH000400: Using dialect: org.hibernate.dialect.H2Dialect
2020-07-21 12:18:31,765 WARN o.s.b.d.a.OptionalLiveReloadServer [restartedMain] Unable to start LiveReload server
2020-07-21 12:18:31,925 WARN o.s.c.l.c.BlockingLoadBalancerClientAutoConfiguration$BlockingLoadBalancerClientRibbonWarnLogger [restartedMain] You already have RibbonLoadBalancerClient on your classpath. It will be used by default. As Spring Cloud Ribbon is in maintenance mode. We recommend switching to BlockingLoadBalancerClient instead. In order to use it, set the value of `spring.cloud.loadbalancer.ribbon.enabled` to `false` or remove spring-cloud-starter-netflix-ribbon from your project.
2020-07-21 12:18:31,999 INFO o.s.c.n.e.InstanceInfoFactory [restartedMain] Setting initial instance status as: STARTING
2020-07-21 12:18:32,074 INFO o.h.e.t.j.p.i.JtaPlatformInitiator [task-1] HHH000490: Using JtaPlatform implementation: [org.hibernate.engine.transaction.jta.platform.internal.NoJtaPlatform]
2020-07-21 12:18:32,082 INFO o.s.o.j.LocalContainerEntityManagerFactoryBean [task-1] Initialized JPA EntityManagerFactory for persistence unit 'default'
2020-07-21 12:18:32,471 INFO o.s.c.n.e.s.EurekaServiceRegistry [restartedMain] Registering application DOCTOR-CLIENT with eureka with status UP
2020-07-21 12:18:32,479 WARN o.s.b.w.s.c.AnnotationConfigServletWebServerApplicationContext [restartedMain] Exception encountered during context initialization - cancelling refresh attempt: org.springframework.context.ApplicationContextException: Failed to start bean 'webServerStartStop'; nested exception is org.springframework.boot.web.server.PortInUseException: Port 8080 is already in use
2020-07-21 12:18:32,483 INFO o.s.o.j.LocalContainerEntityManagerFactoryBean [restartedMain] Closing JPA EntityManagerFactory for persistence unit 'default'
2020-07-21 12:18:32,484 INFO o.h.t.s.i.SchemaDropperImpl$DelayedDropActionImpl [restartedMain] HHH000477: Starting delayed evictData of schema as part of SessionFactory shut-down'
2020-07-21 12:18:32,488 INFO o.s.s.c.ThreadPoolTaskExecutor [restartedMain] Shutting down ExecutorService 'applicationTaskExecutor'
2020-07-21 12:18:32,696 WARN o.s.b.f.s.DisposableBeanAdapter [restartedMain] Invocation of destroy method failed on bean with name 'inMemoryDatabaseShutdownExecutor': org.h2.jdbc.JdbcSQLNonTransientConnectionException: Database is already closed (to disable automatic closing at VM shutdown, add ";DB_CLOSE_ON_EXIT=FALSE" to the db URL) [90121-200]
2020-07-21 12:18:35,739 INFO o.s.b.a.l.ConditionEvaluationReportLoggingListener [restartedMain] 

Error starting ApplicationContext. To display the conditions report re-run your application with 'debug' enabled.
2020-07-21 12:18:35,745 ERROR o.s.b.d.LoggingFailureAnalysisReporter [restartedMain] 

***************************
APPLICATION FAILED TO START
***************************

Description:

Web server failed to start. Port 8080 was already in use.

Action:

Identify and stop the process that's listening on port 8080 or configure this application to listen on another port.

2020-07-21 12:22:33,739 INFO o.s.b.d.e.DevToolsPropertyDefaultsPostProcessor [restartedMain] Devtools property defaults active! Set 'spring.devtools.add-properties' to 'false' to disable
2020-07-21 12:22:34,434 INFO o.s.c.c.c.ConfigServicePropertySourceLocator [restartedMain] Fetching config from server at : http://localhost:8888
2020-07-21 12:22:37,794 INFO o.s.c.c.c.ConfigServicePropertySourceLocator [restartedMain] Located environment: name=doctor-client, profiles=[default], label=null, version=be2eaeb2bfbd755232b64fe3bc89bd7b03a550ca, state=null
2020-07-21 12:22:37,795 INFO o.s.c.b.c.PropertySourceBootstrapConfiguration [restartedMain] Located property source: [BootstrapPropertySource {name='bootstrapProperties-configClient'}, BootstrapPropertySource {name='bootstrapProperties-https://github.com/E2811/spring-cloud-configuration-onco-project/doctor-client.properties'}, BootstrapPropertySource {name='bootstrapProperties-https://github.com/E2811/spring-cloud-configuration-onco-project/application.properties'}]
2020-07-21 12:22:37,804 INFO c.i.d.DoctorClientApplication [restartedMain] No active profile set, falling back to default profiles: default
2020-07-21 12:22:39,872 INFO o.s.c.c.s.GenericScope [restartedMain] BeanFactory id=3b04cbc4-d7ac-3aa9-b27f-e2bd169a14ea
2020-07-21 12:22:40,493 INFO o.s.b.w.e.t.TomcatWebServer [restartedMain] Tomcat initialized with port(s): 8081 (http)
2020-07-21 12:22:40,626 INFO o.s.b.w.s.c.ServletWebServerApplicationContext [restartedMain] Root WebApplicationContext: initialization completed in 2797 ms
2020-07-21 12:22:40,809 INFO o.s.b.a.h.H2ConsoleAutoConfiguration [restartedMain] H2 console available at '/h2-console'. Database available at 'jdbc:h2:mem:onco_test'
2020-07-21 12:22:40,932 INFO o.s.s.c.ThreadPoolTaskExecutor [restartedMain] Initializing ExecutorService 'applicationTaskExecutor'
2020-07-21 12:22:40,974 INFO o.h.j.i.u.LogHelper [task-1] HHH000204: Processing PersistenceUnitInfo [name: default]
2020-07-21 12:22:41,057 INFO o.h.Version [task-1] HHH000412: Hibernate ORM core version 5.4.17.Final
2020-07-21 12:22:41,127 WARN o.s.b.a.o.j.JpaBaseConfiguration$JpaWebConfiguration [restartedMain] spring.jpa.open-in-view is enabled by default. Therefore, database queries may be performed during view rendering. Explicitly configure spring.jpa.open-in-view to disable this warning
2020-07-21 12:22:41,226 INFO o.h.a.c.Version [task-1] HCANN000001: Hibernate Commons Annotations {5.1.0.Final}
2020-07-21 12:22:41,338 INFO o.h.d.Dialect [task-1] HHH000400: Using dialect: org.hibernate.dialect.H2Dialect
2020-07-21 12:22:41,663 INFO o.s.b.d.a.OptionalLiveReloadServer [restartedMain] LiveReload server is running on port 35729
2020-07-21 12:22:41,908 WARN o.s.c.l.c.BlockingLoadBalancerClientAutoConfiguration$BlockingLoadBalancerClientRibbonWarnLogger [restartedMain] You already have RibbonLoadBalancerClient on your classpath. It will be used by default. As Spring Cloud Ribbon is in maintenance mode. We recommend switching to BlockingLoadBalancerClient instead. In order to use it, set the value of `spring.cloud.loadbalancer.ribbon.enabled` to `false` or remove spring-cloud-starter-netflix-ribbon from your project.
2020-07-21 12:22:42,007 INFO o.s.c.n.e.InstanceInfoFactory [restartedMain] Setting initial instance status as: STARTING
2020-07-21 12:22:42,308 INFO o.h.e.t.j.p.i.JtaPlatformInitiator [task-1] HHH000490: Using JtaPlatform implementation: [org.hibernate.engine.transaction.jta.platform.internal.NoJtaPlatform]
2020-07-21 12:22:42,338 INFO o.s.o.j.LocalContainerEntityManagerFactoryBean [task-1] Initialized JPA EntityManagerFactory for persistence unit 'default'
2020-07-21 12:22:43,038 INFO o.s.c.n.e.s.EurekaServiceRegistry [restartedMain] Registering application DOCTOR-CLIENT with eureka with status UP
2020-07-21 12:22:43,108 INFO o.s.b.w.e.t.TomcatWebServer [restartedMain] Tomcat started on port(s): 8081 (http) with context path ''
2020-07-21 12:22:43,112 INFO o.s.c.n.e.s.EurekaAutoServiceRegistration [restartedMain] Updating port to 8081
2020-07-21 12:22:43,429 INFO c.i.d.DoctorClientApplication [restartedMain] Started DoctorClientApplication in 10.564 seconds (JVM running for 11.851)
2020-07-21 12:25:56,725 INFO o.s.w.s.DispatcherServlet [http-nio-8081-exec-1] Initializing Servlet 'dispatcherServlet'
2020-07-21 12:25:56,734 INFO o.s.w.s.DispatcherServlet [http-nio-8081-exec-1] Completed initialization in 9 ms
2020-07-21 12:25:56,756 INFO c.i.d.s.DoctorService [http-nio-8081-exec-1] [INIT] find all doctors
2020-07-21 12:26:00,981 INFO c.i.d.s.DoctorService [http-nio-8081-exec-2] [INIT] find all doctors
2020-07-21 12:27:55,528 INFO c.i.d.s.DoctorService [http-nio-8081-exec-4] [INIT] find doctors by user id
2020-07-21 12:28:04,227 INFO c.i.d.s.DoctorService [http-nio-8081-exec-5] [INIT] find doctors by user id
